2024-07-28T13:59:39.381+08:00	[31;1m error [0;22m	failed to clear cache with keys: "cache:bodhiV2:user:email:55811858@qq.com,cache:bodhiV2:user:userUuid:9324eeca-4ca6-11ef-b8ab-46a1f660a16e", error: EOF	caller=cache/cachenode.go:84	trace=0352223a7fefc76eaab0c84260bb2d23	span=262b4309917f4d57
2024-07-28T14:09:01.253+08:00	[31;1m error [0;22m	update user login data error! ERR: EOF	caller=account/loginLogic.go:65	trace=15542202bc8e21eb64f92b0aa683cc3e	span=4d09a6d3c4725035
2024-08-01T23:30:13.717+08:00	[31;1m error [0;22m	update user login data error! ERR: EOF	caller=account/loginLogic.go:65	trace=11b4a0a73220ce1b6b4b1c3315136c54	span=faf56d82f6693a98
2024-08-01T23:38:24.708+08:00	[31;1m error [0;22m	update user login data error! ERR: EOF	caller=account/loginLogic.go:65	trace=5a87ac55b95865939b9db39d4fc436d8	span=7e9a709ff8cc06db
2024-08-03T10:37:38.448+08:00	[31;1m error [0;22m	update user login data error! ERR: EOF	caller=account/loginLogic.go:65	trace=5e0121fb26ff84f877621afa8e6c9ae1	span=3c032bf0678fdb55
2024-08-03T10:38:09.040+08:00	[31;1m error [0;22m	update user login data error! ERR: EOF	caller=account/loginLogic.go:65	trace=111afe42d916eec87da36d24d7ffa2e5	span=5f62a113b208cac4
2024-08-03T10:56:33.284+08:00	[31;1m error [0;22m	update user login data error! ERR: EOF	caller=account/loginLogic.go:65	trace=2d5df69fa35de3653f2799db64983434	span=36f5b6fbcabba827
2024-08-03T10:57:57.697+08:00	[31;1m error [0;22m	update user login data error! ERR: EOF	caller=account/loginLogic.go:65	trace=801b1ceae18abb3a73e9a9ea40ac4b63	span=e68c47daf5cd1bb2
2024-08-03T20:38:40.007+08:00	[31;1m error [0;22m	update user login data error! ERR: EOF	caller=account/loginLogic.go:65	trace=bdb22816fb8b0d345470c01f4dc66fab	span=f4d8af5251494008
2024-08-03T20:43:47.590+08:00	[31;1m error [0;22m	update user login data error! ERR: Error 1264 (22003): Out of range value for column 'last_active_time' at row 1	span=3e099902b9814c6c	caller=account/loginLogic.go:65	trace=fc382078cdf739f9e19b10cedfb42d71
2024-08-03T20:44:12.676+08:00	[31;1m error [0;22m	update user login data error! ERR: Error 1264 (22003): Out of range value for column 'last_active_time' at row 1	trace=c1105028d1873c5513ae09b89f96afa5	span=481c8f067295e8a0	caller=account/loginLogic.go:65
2024-08-03T21:10:06.620+08:00	[31;1m error [0;22m	update user login data error! ERR: Error 1264 (22003): Out of range value for column 'last_active_time' at row 1	caller=account/loginLogic.go:65	trace=0973a21dcd5fef2825a57442024548fd	span=65e6a1eba6215121
2024-08-03T21:14:09.680+08:00	[31;1m error [0;22m	update user login data error! ERR: Error 1264 (22003): Out of range value for column 'last_active_time' at row 1	span=644232098967a04d	caller=account/loginLogic.go:65	trace=37dcac227891c9e975fe8188fe171ad5
2024-08-03T21:15:20.681+08:00	[31;1m error [0;22m	update user login data error! ERR: Error 1264 (22003): Out of range value for column 'last_active_time' at row 1	caller=account/loginLogic.go:65	trace=2140530cfb0ebb1bc377bc80001da329	span=f5fce3d1b8e5ec85
2024-08-08T20:33:22.917+08:00	[31;1m error [0;22m	update user login data error! ERR: EOF	caller=account/loginLogic.go:65	trace=a707e46ab72bdeb0d43d803b6da14ec3	span=1ad961a4fd69896f
2024-08-28T18:37:05.537+08:00	[31;1m error [0;22m	update user login data error! ERR: EOF	caller=account/loginLogic.go:65	trace=0e8bdaf32de1d133ace7013d5c9b2c2f	span=366c83d9923373a0
2024-08-29T21:20:46.394+08:00	[31;1m error [0;22m	runtime error: invalid memory address or nil pointer dereference

goroutine 379 [running]:
runtime/debug.Stack()
	/Users/yangjing/go/go1.21.2/src/runtime/debug/stack.go:24 +0x5e
github.com/zeromicro/go-zero/zrpc.setupInterceptors.UnaryTimeoutInterceptor.func3.1.1()
	/Users/yangjing/go/pkg/mod/github.com/zeromicro/go-zero@v1.6.6/zrpc/internal/serverinterceptors/timeoutinterceptor.go:47 +0x45
panic({0x29eb040?, 0x4153d50?})
	/Users/yangjing/go/go1.21.2/src/runtime/panic.go:914 +0x21f
bodhiadmin/app/admin/rpc/model.(*defaultUserModel).Update(0xc0005daf40, {0x3035350, 0xc0003095e0}, 0x0)
	/Users/yangjing/Projects/younglabs/bodhidict-com/project/bodhi-service/app/admin/rpc/model/userModel_gen.go:193 +0x3a
bodhiadmin/app/admin/rpc/internal/logic/user.(*UpdateUserLogic).UpdateUser(0xc000636eb8, 0x3?)
	/Users/yangjing/Projects/younglabs/bodhidict-com/project/bodhi-service/app/admin/rpc/internal/logic/user/updateUserLogic.go:31 +0x94
bodhiadmin/app/admin/rpc/internal/server/user.(*UserServer).UpdateUser(0xc0003b0a50?, {0x3035350?, 0xc0003095e0}, 0x8278cc6554e?)
	/Users/yangjing/Projects/younglabs/bodhidict-com/project/bodhi-service/app/admin/rpc/internal/server/user/userServer.go:32 +0xa9
bodhiadmin/app/admin/rpc/proto/admin._User_UpdateUser_Handler.func1({0x3035350, 0xc0003095e0}, {0x2bf5240?, 0xc0003c7720})
	/Users/yangjing/Projects/younglabs/bodhidict-com/project/bodhi-service/app/admin/rpc/proto/admin/admin_grpc.pb.go:1612 +0x72
github.com/zeromicro/go-zero/zrpc.setupInterceptors.UnaryTimeoutInterceptor.func3.1()
	/Users/yangjing/go/pkg/mod/github.com/zeromicro/go-zero@v1.6.6/zrpc/internal/serverinterceptors/timeoutinterceptor.go:53 +0x106
created by github.com/zeromicro/go-zero/zrpc.setupInterceptors.UnaryTimeoutInterceptor.func3 in goroutine 378
	/Users/yangjing/go/pkg/mod/github.com/zeromicro/go-zero@v1.6.6/zrpc/internal/serverinterceptors/timeoutinterceptor.go:43 +0x238

goroutine 378 [running]:
runtime/debug.Stack()
	/Users/yangjing/go/go1.21.2/src/runtime/debug/stack.go:24 +0x5e
github.com/zeromicro/go-zero/zrpc/internal/serverinterceptors.toPanicError({0x28b9f80, 0xc00030f940})
	/Users/yangjing/go/pkg/mod/github.com/zeromicro/go-zero@v1.6.6/zrpc/internal/serverinterceptors/recoverinterceptor.go:40 +0x25
github.com/zeromicro/go-zero/zrpc/internal/serverinterceptors.UnaryRecoverInterceptor.func1({0x28b9f80?, 0xc00030f940?})
	/Users/yangjing/go/pkg/mod/github.com/zeromicro/go-zero@v1.6.6/zrpc/internal/serverinterceptors/recoverinterceptor.go:27 +0x26
github.com/zeromicro/go-zero/zrpc/internal/serverinterceptors.handleCrash(0xc0007975f0)
	/Users/yangjing/go/pkg/mod/github.com/zeromicro/go-zero@v1.6.6/zrpc/internal/serverinterceptors/recoverinterceptor.go:35 +0x34
panic({0x28b9f80?, 0xc00030f940?})
	/Users/yangjing/go/go1.21.2/src/runtime/panic.go:914 +0x21f
github.com/zeromicro/go-zero/zrpc.setupInterceptors.UnaryTimeoutInterceptor.func3({0x3035318, 0xc0003b0ea0}, {0x2bf5240?, 0xc0003c7720}, 0x4189701?, 0xc0001b69f0)
	/Users/yangjing/go/pkg/mod/github.com/zeromicro/go-zero@v1.6.6/zrpc/internal/serverinterceptors/timeoutinterceptor.go:59 +0x4bb
google.golang.org/grpc.getChainUnaryHandler.func1({0x3035318, 0xc0003b0ea0}, {0x2bf5240, 0xc0003c7720})
	/Users/yangjing/go/pkg/mod/google.golang.org/grpc@v1.65.0/server.go:1196 +0xb2
github.com/zeromicro/go-zero/zrpc.setupInterceptors.UnarySheddingInterceptor.func2({0x3035318, 0xc0003b0ea0}, {0x2bf5240, 0xc0003c7720}, 0xc000426560?, 0xc00030a980)
	/Users/yangjing/go/pkg/mod/github.com/zeromicro/go-zero@v1.6.6/zrpc/internal/serverinterceptors/sheddinginterceptor.go:47 +0x172
google.golang.org/grpc.getChainUnaryHandler.func1({0x3035318, 0xc0003b0ea0}, {0x2bf5240, 0xc0003c7720})
	/Users/yangjing/go/pkg/mod/google.golang.org/grpc@v1.65.0/server.go:1196 +0xb2
github.com/zeromicro/go-zero/zrpc/internal/serverinterceptors.UnaryBreakerInterceptor.func1()
	/Users/yangjing/go/pkg/mod/github.com/zeromicro/go-zero@v1.6.6/zrpc/internal/serverinterceptors/breakerinterceptor.go:32 +0x34
github.com/zeromicro/go-zero/core/breaker.(*googleBreaker).doReq(0xc000426660, 0xc00030a900, 0x0, 0xc00030a940)
	/Users/yangjing/go/pkg/mod/github.com/zeromicro/go-zero@v1.6.6/core/breaker/googlebreaker.go:113 +0x11b
github.com/zeromicro/go-zero/core/breaker.loggedThrottle.doReq({{0x2d43f87, 0x16}, {0x301d4b8, 0xc000426660}, 0xc0003de540}, 0x110b304?, 0x2d43f87?, 0x2e3fa88)
	/Users/yangjing/go/pkg/mod/github.com/zeromicro/go-zero@v1.6.6/core/breaker/breaker.go:236 +0xd5
github.com/zeromicro/go-zero/core/breaker.(*circuitBreaker).DoWithAcceptable(...)
	/Users/yangjing/go/pkg/mod/github.com/zeromicro/go-zero@v1.6.6/core/breaker/breaker.go:156
github.com/zeromicro/go-zero/core/breaker.(*circuitBreaker).DoWithAcceptableCtx(0xc000426620, {0x3035318, 0xc0003b0ea0}, 0x2d43f87?, 0x16?)
	/Users/yangjing/go/pkg/mod/github.com/zeromicro/go-zero@v1.6.6/core/breaker/breaker.go:165 +0x73
github.com/zeromicro/go-zero/zrpc/internal/serverinterceptors.UnaryBreakerInterceptor.DoWithAcceptableCtx.func2({0x303ffb0?, 0xc000426620?})
	/Users/yangjing/go/pkg/mod/github.com/zeromicro/go-zero@v1.6.6/core/breaker/breakers.go:38 +0x34
github.com/zeromicro/go-zero/core/breaker.do({0x2d43f87?, 0xc000600000?}, 0xc0003232b0)
	/Users/yangjing/go/pkg/mod/github.com/zeromicro/go-zero@v1.6.6/core/breaker/breakers.go:100 +0x27
github.com/zeromicro/go-zero/core/breaker.DoWithAcceptableCtx(...)
	/Users/yangjing/go/pkg/mod/github.com/zeromicro/go-zero@v1.6.6/core/breaker/breakers.go:37
github.com/zeromicro/go-zero/zrpc/internal/serverinterceptors.UnaryBreakerInterceptor({0x3035318?, 0xc0003b0ea0}, {0x2bf5240?, 0xc0003c7720}, 0xc000426560, 0xc00030a8c0)
	/Users/yangjing/go/pkg/mod/github.com/zeromicro/go-zero@v1.6.6/zrpc/internal/serverinterceptors/breakerinterceptor.go:30 +0x175
google.golang.org/grpc.getChainUnaryHandler.func1({0x3035318, 0xc0003b0ea0}, {0x2bf5240, 0xc0003c7720})
	/Users/yangjing/go/pkg/mod/google.golang.org/grpc@v1.65.0/server.go:1196 +0xb2
github.com/zeromicro/go-zero/zrpc/internal/serverinterceptors.UnaryPrometheusInterceptor({0x3035318, 0xc0003b0ea0}, {0x2bf5240, 0xc0003c7720}, 0xc000426560, 0xc00030a880)
	/Users/yangjing/go/pkg/mod/github.com/zeromicro/go-zero@v1.6.6/zrpc/internal/serverinterceptors/prometheusinterceptor.go:38 +0x98
google.golang.org/grpc.getChainUnaryHandler.func1({0x3035318, 0xc0003b0ea0}, {0x2bf5240, 0xc0003c7720})
	/Users/yangjing/go/pkg/mod/google.golang.org/grpc@v1.65.0/server.go:1196 +0xb2
github.com/zeromicro/go-zero/zrpc/internal/serverinterceptors.UnaryStatInterceptor.func1({0x3035318, 0xc0003b0ea0}, {0x2bf5240, 0xc0003c7720}, 0xc000426560, 0xc00030a840)
	/Users/yangjing/go/pkg/mod/github.com/zeromicro/go-zero@v1.6.6/zrpc/internal/serverinterceptors/statinterceptor.go:61 +0x1c4
google.golang.org/grpc.getChainUnaryHandler.func1({0x3035318, 0xc0003b0ea0}, {0x2bf5240, 0xc0003c7720})
	/Users/yangjing/go/pkg/mod/google.golang.org/grpc@v1.65.0/server.go:1196 +0xb2
github.com/zeromicro/go-zero/zrpc/internal/serverinterceptors.UnaryRecoverInterceptor({0x3035318?, 0xc0003b0ea0?}, {0x2bf5240?, 0xc0003c7720?}, 0xc000426560?, 0xc0001b69f0?)
	/Users/yangjing/go/pkg/mod/github.com/zeromicro/go-zero@v1.6.6/zrpc/internal/serverinterceptors/recoverinterceptor.go:30 +0x99
google.golang.org/grpc.getChainUnaryHandler.func1({0x3035318, 0xc0003b0ea0}, {0x2bf5240, 0xc0003c7720})
	/Users/yangjing/go/pkg/mod/google.golang.org/grpc@v1.65.0/server.go:1196 +0xb2
github.com/zeromicro/go-zero/zrpc/internal/serverinterceptors.UnaryTracingInterceptor({0x3035318?, 0xc0003b0ae0?}, {0x2bf5240, 0xc0003c7720}, 0xc000426560?, 0xc00030a6c0)
	/Users/yangjing/go/pkg/mod/github.com/zeromicro/go-zero@v1.6.6/zrpc/internal/serverinterceptors/tracinginterceptor.go:24 +0x18c
google.golang.org/grpc.NewServer.chainUnaryServerInterceptors.chainUnaryInterceptors.func1({0x3035318, 0xc0003b0ae0}, {0x2bf5240, 0xc0003c7720}, 0xc000636998?, 0x29eaf80?)
	/Users/yangjing/go/pkg/mod/google.golang.org/grpc@v1.65.0/server.go:1187 +0x85
bodhiadmin/app/admin/rpc/proto/admin._User_UpdateUser_Handler({0x2b51920?, 0xc0004fabf0}, {0x3035318, 0xc0003b0ae0}, 0xc000586500, 0xc0004b7320)
	/Users/yangjing/Projects/younglabs/bodhidict-com/project/bodhi-service/app/admin/rpc/proto/admin/admin_grpc.pb.go:1614 +0x135
google.golang.org/grpc.(*Server).processUnaryRPC(0xc0005ee000, {0x3035318, 0xc0003b0a50}, {0x303d5c0, 0xc0002dc180}, 0xc0001fa240, 0xc0000fef90, 0x416a678, 0x0)
	/Users/yangjing/go/pkg/mod/google.golang.org/grpc@v1.65.0/server.go:1379 +0xe23
google.golang.org/grpc.(*Server).handleStream(0xc0005ee000, {0x303d5c0, 0xc0002dc180}, 0xc0001fa240)
	/Users/yangjing/go/pkg/mod/google.golang.org/grpc@v1.65.0/server.go:1790 +0x1016
google.golang.org/grpc.(*Server).serveStreams.func2.1()
	/Users/yangjing/go/pkg/mod/google.golang.org/grpc@v1.65.0/server.go:1029 +0x8b
created by google.golang.org/grpc.(*Server).serveStreams.func2 in goroutine 84
	/Users/yangjing/go/pkg/mod/google.golang.org/grpc@v1.65.0/server.go:1040 +0x135
	caller=serverinterceptors/recoverinterceptor.go:40
2024-08-29T21:29:51.420+08:00	[31;1m error [0;22m	runtime error: invalid memory address or nil pointer dereference

goroutine 119 [running]:
runtime/debug.Stack()
	/Users/yangjing/go/go1.21.2/src/runtime/debug/stack.go:24 +0x5e
github.com/zeromicro/go-zero/zrpc.setupInterceptors.UnaryTimeoutInterceptor.func3.1.1()
	/Users/yangjing/go/pkg/mod/github.com/zeromicro/go-zero@v1.6.6/zrpc/internal/serverinterceptors/timeoutinterceptor.go:47 +0x45
panic({0x29eb220?, 0x4153d50?})
	/Users/yangjing/go/go1.21.2/src/runtime/panic.go:914 +0x21f
bodhiadmin/app/admin/rpc/model.(*defaultUserModel).Update(0xc00037f640, {0x3035530, 0xc0001fb220}, 0x0)
	/Users/yangjing/Projects/younglabs/bodhidict-com/project/bodhi-service/app/admin/rpc/model/userModel_gen.go:193 +0x3a
bodhiadmin/app/admin/rpc/internal/logic/user.(*UpdateUserLogic).UpdateUser(0xc00060deb8, 0xc0002e43c0)
	/Users/yangjing/Projects/younglabs/bodhidict-com/project/bodhi-service/app/admin/rpc/internal/logic/user/updateUserLogic.go:49 +0x249
bodhiadmin/app/admin/rpc/internal/server/user.(*UserServer).UpdateUser(0xc00053cf60?, {0x3035530?, 0xc0001fb220}, 0xc00066b738?)
	/Users/yangjing/Projects/younglabs/bodhidict-com/project/bodhi-service/app/admin/rpc/internal/server/user/userServer.go:32 +0xa9
bodhiadmin/app/admin/rpc/proto/admin._User_UpdateUser_Handler.func1({0x3035530, 0xc0001fb220}, {0x2bf5420?, 0xc0002e43c0})
	/Users/yangjing/Projects/younglabs/bodhidict-com/project/bodhi-service/app/admin/rpc/proto/admin/admin_grpc.pb.go:1612 +0x72
github.com/zeromicro/go-zero/zrpc.setupInterceptors.UnaryTimeoutInterceptor.func3.1()
	/Users/yangjing/go/pkg/mod/github.com/zeromicro/go-zero@v1.6.6/zrpc/internal/serverinterceptors/timeoutinterceptor.go:53 +0x106
created by github.com/zeromicro/go-zero/zrpc.setupInterceptors.UnaryTimeoutInterceptor.func3 in goroutine 118
	/Users/yangjing/go/pkg/mod/github.com/zeromicro/go-zero@v1.6.6/zrpc/internal/serverinterceptors/timeoutinterceptor.go:43 +0x238

goroutine 118 [running]:
runtime/debug.Stack()
	/Users/yangjing/go/go1.21.2/src/runtime/debug/stack.go:24 +0x5e
github.com/zeromicro/go-zero/zrpc/internal/serverinterceptors.toPanicError({0x28ba160, 0xc0005cd6b0})
	/Users/yangjing/go/pkg/mod/github.com/zeromicro/go-zero@v1.6.6/zrpc/internal/serverinterceptors/recoverinterceptor.go:40 +0x25
github.com/zeromicro/go-zero/zrpc/internal/serverinterceptors.UnaryRecoverInterceptor.func1({0x28ba160?, 0xc0005cd6b0?})
	/Users/yangjing/go/pkg/mod/github.com/zeromicro/go-zero@v1.6.6/zrpc/internal/serverinterceptors/recoverinterceptor.go:27 +0x26
github.com/zeromicro/go-zero/zrpc/internal/serverinterceptors.handleCrash(0xc00059f5f0)
	/Users/yangjing/go/pkg/mod/github.com/zeromicro/go-zero@v1.6.6/zrpc/internal/serverinterceptors/recoverinterceptor.go:35 +0x34
panic({0x28ba160?, 0xc0005cd6b0?})
	/Users/yangjing/go/go1.21.2/src/runtime/panic.go:914 +0x21f
github.com/zeromicro/go-zero/zrpc.setupInterceptors.UnaryTimeoutInterceptor.func3({0x30354f8, 0xc00053d3e0}, {0x2bf5420?, 0xc0002e43c0}, 0x4189701?, 0xc00061a270)
	/Users/yangjing/go/pkg/mod/github.com/zeromicro/go-zero@v1.6.6/zrpc/internal/serverinterceptors/timeoutinterceptor.go:59 +0x4bb
google.golang.org/grpc.getChainUnaryHandler.func1({0x30354f8, 0xc00053d3e0}, {0x2bf5420, 0xc0002e43c0})
	/Users/yangjing/go/pkg/mod/google.golang.org/grpc@v1.65.0/server.go:1196 +0xb2
github.com/zeromicro/go-zero/zrpc.setupInterceptors.UnarySheddingInterceptor.func2({0x30354f8, 0xc00053d3e0}, {0x2bf5420, 0xc0002e43c0}, 0xc0005d6140?, 0xc00037e9c0)
	/Users/yangjing/go/pkg/mod/github.com/zeromicro/go-zero@v1.6.6/zrpc/internal/serverinterceptors/sheddinginterceptor.go:47 +0x172
google.golang.org/grpc.getChainUnaryHandler.func1({0x30354f8, 0xc00053d3e0}, {0x2bf5420, 0xc0002e43c0})
	/Users/yangjing/go/pkg/mod/google.golang.org/grpc@v1.65.0/server.go:1196 +0xb2
github.com/zeromicro/go-zero/zrpc/internal/serverinterceptors.UnaryBreakerInterceptor.func1()
	/Users/yangjing/go/pkg/mod/github.com/zeromicro/go-zero@v1.6.6/zrpc/internal/serverinterceptors/breakerinterceptor.go:32 +0x34
github.com/zeromicro/go-zero/core/breaker.(*googleBreaker).doReq(0xc0005d61e0, 0xc00037e940, 0x0, 0xc00037e980)
	/Users/yangjing/go/pkg/mod/github.com/zeromicro/go-zero@v1.6.6/core/breaker/googlebreaker.go:113 +0x11b
github.com/zeromicro/go-zero/core/breaker.loggedThrottle.doReq({{0x2d44169, 0x16}, {0x301d698, 0xc0005d61e0}, 0xc0005ac540}, 0x110b304?, 0x2d44169?, 0x2e3fc68)
	/Users/yangjing/go/pkg/mod/github.com/zeromicro/go-zero@v1.6.6/core/breaker/breaker.go:236 +0xd5
github.com/zeromicro/go-zero/core/breaker.(*circuitBreaker).DoWithAcceptable(...)
	/Users/yangjing/go/pkg/mod/github.com/zeromicro/go-zero@v1.6.6/core/breaker/breaker.go:156
github.com/zeromicro/go-zero/core/breaker.(*circuitBreaker).DoWithAcceptableCtx(0xc0005d61a0, {0x30354f8, 0xc00053d3e0}, 0x2d44169?, 0x16?)
	/Users/yangjing/go/pkg/mod/github.com/zeromicro/go-zero@v1.6.6/core/breaker/breaker.go:165 +0x73
github.com/zeromicro/go-zero/zrpc/internal/serverinterceptors.UnaryBreakerInterceptor.DoWithAcceptableCtx.func2({0x3040190?, 0xc0005d61a0?})
	/Users/yangjing/go/pkg/mod/github.com/zeromicro/go-zero@v1.6.6/core/breaker/breakers.go:38 +0x34
github.com/zeromicro/go-zero/core/breaker.do({0x2d44169?, 0xc000100000?}, 0xc0006132b0)
	/Users/yangjing/go/pkg/mod/github.com/zeromicro/go-zero@v1.6.6/core/breaker/breakers.go:100 +0x27
github.com/zeromicro/go-zero/core/breaker.DoWithAcceptableCtx(...)
	/Users/yangjing/go/pkg/mod/github.com/zeromicro/go-zero@v1.6.6/core/breaker/breakers.go:37
github.com/zeromicro/go-zero/zrpc/internal/serverinterceptors.UnaryBreakerInterceptor({0x30354f8?, 0xc00053d3e0}, {0x2bf5420?, 0xc0002e43c0}, 0xc0005d6140, 0xc00037e900)
	/Users/yangjing/go/pkg/mod/github.com/zeromicro/go-zero@v1.6.6/zrpc/internal/serverinterceptors/breakerinterceptor.go:30 +0x175
google.golang.org/grpc.getChainUnaryHandler.func1({0x30354f8, 0xc00053d3e0}, {0x2bf5420, 0xc0002e43c0})
	/Users/yangjing/go/pkg/mod/google.golang.org/grpc@v1.65.0/server.go:1196 +0xb2
github.com/zeromicro/go-zero/zrpc/internal/serverinterceptors.UnaryPrometheusInterceptor({0x30354f8, 0xc00053d3e0}, {0x2bf5420, 0xc0002e43c0}, 0xc0005d6140, 0xc00037e8c0)
	/Users/yangjing/go/pkg/mod/github.com/zeromicro/go-zero@v1.6.6/zrpc/internal/serverinterceptors/prometheusinterceptor.go:38 +0x98
google.golang.org/grpc.getChainUnaryHandler.func1({0x30354f8, 0xc00053d3e0}, {0x2bf5420, 0xc0002e43c0})
	/Users/yangjing/go/pkg/mod/google.golang.org/grpc@v1.65.0/server.go:1196 +0xb2
github.com/zeromicro/go-zero/zrpc/internal/serverinterceptors.UnaryStatInterceptor.func1({0x30354f8, 0xc00053d3e0}, {0x2bf5420, 0xc0002e43c0}, 0xc0005d6140, 0xc00037e880)
	/Users/yangjing/go/pkg/mod/github.com/zeromicro/go-zero@v1.6.6/zrpc/internal/serverinterceptors/statinterceptor.go:61 +0x1c4
google.golang.org/grpc.getChainUnaryHandler.func1({0x30354f8, 0xc00053d3e0}, {0x2bf5420, 0xc0002e43c0})
	/Users/yangjing/go/pkg/mod/google.golang.org/grpc@v1.65.0/server.go:1196 +0xb2
github.com/zeromicro/go-zero/zrpc/internal/serverinterceptors.UnaryRecoverInterceptor({0x30354f8?, 0xc00053d3e0?}, {0x2bf5420?, 0xc0002e43c0?}, 0xc0005d6140?, 0xc00061a270?)
	/Users/yangjing/go/pkg/mod/github.com/zeromicro/go-zero@v1.6.6/zrpc/internal/serverinterceptors/recoverinterceptor.go:30 +0x99
google.golang.org/grpc.getChainUnaryHandler.func1({0x30354f8, 0xc00053d3e0}, {0x2bf5420, 0xc0002e43c0})
	/Users/yangjing/go/pkg/mod/google.golang.org/grpc@v1.65.0/server.go:1196 +0xb2
github.com/zeromicro/go-zero/zrpc/internal/serverinterceptors.UnaryTracingInterceptor({0x30354f8?, 0xc00053cff0?}, {0x2bf5420, 0xc0002e43c0}, 0xc0005d6140?, 0xc00037e640)
	/Users/yangjing/go/pkg/mod/github.com/zeromicro/go-zero@v1.6.6/zrpc/internal/serverinterceptors/tracinginterceptor.go:24 +0x18c
google.golang.org/grpc.NewServer.chainUnaryServerInterceptors.chainUnaryInterceptors.func1({0x30354f8, 0xc00053cff0}, {0x2bf5420, 0xc0002e43c0}, 0xc0005fd998?, 0x29eb160?)
	/Users/yangjing/go/pkg/mod/google.golang.org/grpc@v1.65.0/server.go:1187 +0x85
bodhiadmin/app/admin/rpc/proto/admin._User_UpdateUser_Handler({0x2b51b00?, 0xc0002ef650}, {0x30354f8, 0xc00053cff0}, 0xc000306300, 0xc0004ce760)
	/Users/yangjing/Projects/younglabs/bodhidict-com/project/bodhi-service/app/admin/rpc/proto/admin/admin_grpc.pb.go:1614 +0x135
google.golang.org/grpc.(*Server).processUnaryRPC(0xc00053e000, {0x30354f8, 0xc00053cf60}, {0x303d7a0, 0xc0001d8780}, 0xc0001be900, 0xc00053c390, 0x416a678, 0x0)
	/Users/yangjing/go/pkg/mod/google.golang.org/grpc@v1.65.0/server.go:1379 +0xe23
google.golang.org/grpc.(*Server).handleStream(0xc00053e000, {0x303d7a0, 0xc0001d8780}, 0xc0001be900)
	/Users/yangjing/go/pkg/mod/google.golang.org/grpc@v1.65.0/server.go:1790 +0x1016
google.golang.org/grpc.(*Server).serveStreams.func2.1()
	/Users/yangjing/go/pkg/mod/google.golang.org/grpc@v1.65.0/server.go:1029 +0x8b
created by google.golang.org/grpc.(*Server).serveStreams.func2 in goroutine 81
	/Users/yangjing/go/pkg/mod/google.golang.org/grpc@v1.65.0/server.go:1040 +0x135
	caller=serverinterceptors/recoverinterceptor.go:40
2024-08-29T21:32:05.098+08:00	[31;1m error [0;22m	runtime error: invalid memory address or nil pointer dereference

goroutine 53 [running]:
runtime/debug.Stack()
	/Users/yangjing/go/go1.21.2/src/runtime/debug/stack.go:24 +0x5e
github.com/zeromicro/go-zero/zrpc.setupInterceptors.UnaryTimeoutInterceptor.func3.1.1()
	/Users/yangjing/go/pkg/mod/github.com/zeromicro/go-zero@v1.6.6/zrpc/internal/serverinterceptors/timeoutinterceptor.go:47 +0x45
panic({0x29eb2e0?, 0x4153d50?})
	/Users/yangjing/go/go1.21.2/src/runtime/panic.go:914 +0x21f
bodhiadmin/app/admin/rpc/model.(*defaultUserModel).Update(0xc0004db840, {0x3035610, 0xc0000acf50}, 0x0)
	/Users/yangjing/Projects/younglabs/bodhidict-com/project/bodhi-service/app/admin/rpc/model/userModel_gen.go:193 +0x3a
bodhiadmin/app/admin/rpc/internal/logic/user.(*UpdateUserLogic).UpdateUser(0xc0005f5eb8, 0xc0002d8000)
	/Users/yangjing/Projects/younglabs/bodhidict-com/project/bodhi-service/app/admin/rpc/internal/logic/user/updateUserLogic.go:49 +0x249
bodhiadmin/app/admin/rpc/internal/server/user.(*UserServer).UpdateUser(0xc0004ec810?, {0x3035610?, 0xc0000acf50}, 0xc0003c7ce0?)
	/Users/yangjing/Projects/younglabs/bodhidict-com/project/bodhi-service/app/admin/rpc/internal/server/user/userServer.go:32 +0xa9
bodhiadmin/app/admin/rpc/proto/admin._User_UpdateUser_Handler.func1({0x3035610, 0xc0000acf50}, {0x2bf54e0?, 0xc0002d8000})
	/Users/yangjing/Projects/younglabs/bodhidict-com/project/bodhi-service/app/admin/rpc/proto/admin/admin_grpc.pb.go:1612 +0x72
github.com/zeromicro/go-zero/zrpc.setupInterceptors.UnaryTimeoutInterceptor.func3.1()
	/Users/yangjing/go/pkg/mod/github.com/zeromicro/go-zero@v1.6.6/zrpc/internal/serverinterceptors/timeoutinterceptor.go:53 +0x106
created by github.com/zeromicro/go-zero/zrpc.setupInterceptors.UnaryTimeoutInterceptor.func3 in goroutine 66
	/Users/yangjing/go/pkg/mod/github.com/zeromicro/go-zero@v1.6.6/zrpc/internal/serverinterceptors/timeoutinterceptor.go:43 +0x238

goroutine 66 [running]:
runtime/debug.Stack()
	/Users/yangjing/go/go1.21.2/src/runtime/debug/stack.go:24 +0x5e
github.com/zeromicro/go-zero/zrpc/internal/serverinterceptors.toPanicError({0x28ba220, 0xc0002fedf0})
	/Users/yangjing/go/pkg/mod/github.com/zeromicro/go-zero@v1.6.6/zrpc/internal/serverinterceptors/recoverinterceptor.go:40 +0x25
github.com/zeromicro/go-zero/zrpc/internal/serverinterceptors.UnaryRecoverInterceptor.func1({0x28ba220?, 0xc0002fedf0?})
	/Users/yangjing/go/pkg/mod/github.com/zeromicro/go-zero@v1.6.6/zrpc/internal/serverinterceptors/recoverinterceptor.go:27 +0x26
github.com/zeromicro/go-zero/zrpc/internal/serverinterceptors.handleCrash(0xc0006dd5f0)
	/Users/yangjing/go/pkg/mod/github.com/zeromicro/go-zero@v1.6.6/zrpc/internal/serverinterceptors/recoverinterceptor.go:35 +0x34
panic({0x28ba220?, 0xc0002fedf0?})
	/Users/yangjing/go/go1.21.2/src/runtime/panic.go:914 +0x21f
github.com/zeromicro/go-zero/zrpc.setupInterceptors.UnaryTimeoutInterceptor.func3({0x30355d8, 0xc0004ede60}, {0x2bf54e0?, 0xc0002d8000}, 0x4189701?, 0xc0005fa6a8)
	/Users/yangjing/go/pkg/mod/github.com/zeromicro/go-zero@v1.6.6/zrpc/internal/serverinterceptors/timeoutinterceptor.go:59 +0x4bb
google.golang.org/grpc.getChainUnaryHandler.func1({0x30355d8, 0xc0004ede60}, {0x2bf54e0, 0xc0002d8000})
	/Users/yangjing/go/pkg/mod/google.golang.org/grpc@v1.65.0/server.go:1196 +0xb2
github.com/zeromicro/go-zero/zrpc.setupInterceptors.UnarySheddingInterceptor.func2({0x30355d8, 0xc0004ede60}, {0x2bf54e0, 0xc0002d8000}, 0xc0000a0060?, 0xc0006c4640)
	/Users/yangjing/go/pkg/mod/github.com/zeromicro/go-zero@v1.6.6/zrpc/internal/serverinterceptors/sheddinginterceptor.go:47 +0x172
google.golang.org/grpc.getChainUnaryHandler.func1({0x30355d8, 0xc0004ede60}, {0x2bf54e0, 0xc0002d8000})
	/Users/yangjing/go/pkg/mod/google.golang.org/grpc@v1.65.0/server.go:1196 +0xb2
github.com/zeromicro/go-zero/zrpc/internal/serverinterceptors.UnaryBreakerInterceptor.func1()
	/Users/yangjing/go/pkg/mod/github.com/zeromicro/go-zero@v1.6.6/zrpc/internal/serverinterceptors/breakerinterceptor.go:32 +0x34
github.com/zeromicro/go-zero/core/breaker.(*googleBreaker).doReq(0xc0000a0100, 0xc0006c45c0, 0x0, 0xc0006c4600)
	/Users/yangjing/go/pkg/mod/github.com/zeromicro/go-zero@v1.6.6/core/breaker/googlebreaker.go:113 +0x11b
github.com/zeromicro/go-zero/core/breaker.loggedThrottle.doReq({{0x2d44215, 0x16}, {0x301d778, 0xc0000a0100}, 0xc0002c2150}, 0x110b304?, 0x2d44215?, 0x2e3fd08)
	/Users/yangjing/go/pkg/mod/github.com/zeromicro/go-zero@v1.6.6/core/breaker/breaker.go:236 +0xd5
github.com/zeromicro/go-zero/core/breaker.(*circuitBreaker).DoWithAcceptable(...)
	/Users/yangjing/go/pkg/mod/github.com/zeromicro/go-zero@v1.6.6/core/breaker/breaker.go:156
github.com/zeromicro/go-zero/core/breaker.(*circuitBreaker).DoWithAcceptableCtx(0xc0000a00c0, {0x30355d8, 0xc0004ede60}, 0x2d44215?, 0x16?)
	/Users/yangjing/go/pkg/mod/github.com/zeromicro/go-zero@v1.6.6/core/breaker/breaker.go:165 +0x73
github.com/zeromicro/go-zero/zrpc/internal/serverinterceptors.UnaryBreakerInterceptor.DoWithAcceptableCtx.func2({0x3040270?, 0xc0000a00c0?})
	/Users/yangjing/go/pkg/mod/github.com/zeromicro/go-zero@v1.6.6/core/breaker/breakers.go:38 +0x34
github.com/zeromicro/go-zero/core/breaker.do({0x2d44215?, 0xc00008c900?}, 0xc0005f32b0)
	/Users/yangjing/go/pkg/mod/github.com/zeromicro/go-zero@v1.6.6/core/breaker/breakers.go:100 +0x27
github.com/zeromicro/go-zero/core/breaker.DoWithAcceptableCtx(...)
	/Users/yangjing/go/pkg/mod/github.com/zeromicro/go-zero@v1.6.6/core/breaker/breakers.go:37
github.com/zeromicro/go-zero/zrpc/internal/serverinterceptors.UnaryBreakerInterceptor({0x30355d8?, 0xc0004ede60}, {0x2bf54e0?, 0xc0002d8000}, 0xc0000a0060, 0xc0006c4580)
	/Users/yangjing/go/pkg/mod/github.com/zeromicro/go-zero@v1.6.6/zrpc/internal/serverinterceptors/breakerinterceptor.go:30 +0x175
google.golang.org/grpc.getChainUnaryHandler.func1({0x30355d8, 0xc0004ede60}, {0x2bf54e0, 0xc0002d8000})
	/Users/yangjing/go/pkg/mod/google.golang.org/grpc@v1.65.0/server.go:1196 +0xb2
github.com/zeromicro/go-zero/zrpc/internal/serverinterceptors.UnaryPrometheusInterceptor({0x30355d8, 0xc0004ede60}, {0x2bf54e0, 0xc0002d8000}, 0xc0000a0060, 0xc0006c4540)
	/Users/yangjing/go/pkg/mod/github.com/zeromicro/go-zero@v1.6.6/zrpc/internal/serverinterceptors/prometheusinterceptor.go:38 +0x98
google.golang.org/grpc.getChainUnaryHandler.func1({0x30355d8, 0xc0004ede60}, {0x2bf54e0, 0xc0002d8000})
	/Users/yangjing/go/pkg/mod/google.golang.org/grpc@v1.65.0/server.go:1196 +0xb2
github.com/zeromicro/go-zero/zrpc/internal/serverinterceptors.UnaryStatInterceptor.func1({0x30355d8, 0xc0004ede60}, {0x2bf54e0, 0xc0002d8000}, 0xc0000a0060, 0xc0006c4500)
	/Users/yangjing/go/pkg/mod/github.com/zeromicro/go-zero@v1.6.6/zrpc/internal/serverinterceptors/statinterceptor.go:61 +0x1c4
google.golang.org/grpc.getChainUnaryHandler.func1({0x30355d8, 0xc0004ede60}, {0x2bf54e0, 0xc0002d8000})
	/Users/yangjing/go/pkg/mod/google.golang.org/grpc@v1.65.0/server.go:1196 +0xb2
github.com/zeromicro/go-zero/zrpc/internal/serverinterceptors.UnaryRecoverInterceptor({0x30355d8?, 0xc0004ede60?}, {0x2bf54e0?, 0xc0002d8000?}, 0xc0000a0060?, 0xc0005fa6a8?)
	/Users/yangjing/go/pkg/mod/github.com/zeromicro/go-zero@v1.6.6/zrpc/internal/serverinterceptors/recoverinterceptor.go:30 +0x99
google.golang.org/grpc.getChainUnaryHandler.func1({0x30355d8, 0xc0004ede60}, {0x2bf54e0, 0xc0002d8000})
	/Users/yangjing/go/pkg/mod/google.golang.org/grpc@v1.65.0/server.go:1196 +0xb2
github.com/zeromicro/go-zero/zrpc/internal/serverinterceptors.UnaryTracingInterceptor({0x30355d8?, 0xc0004ed020?}, {0x2bf54e0, 0xc0002d8000}, 0xc0000a0060?, 0xc0006c4300)
	/Users/yangjing/go/pkg/mod/github.com/zeromicro/go-zero@v1.6.6/zrpc/internal/serverinterceptors/tracinginterceptor.go:24 +0x18c
google.golang.org/grpc.NewServer.chainUnaryServerInterceptors.chainUnaryInterceptors.func1({0x30355d8, 0xc0004ed020}, {0x2bf54e0, 0xc0002d8000}, 0xc000644998?, 0x29eb220?)
	/Users/yangjing/go/pkg/mod/google.golang.org/grpc@v1.65.0/server.go:1187 +0x85
bodhiadmin/app/admin/rpc/proto/admin._User_UpdateUser_Handler({0x2b51bc0?, 0xc0005a81d0}, {0x30355d8, 0xc0004ed020}, 0xc0005fe000, 0xc0004e6c00)
	/Users/yangjing/Projects/younglabs/bodhidict-com/project/bodhi-service/app/admin/rpc/proto/admin/admin_grpc.pb.go:1614 +0x135
google.golang.org/grpc.(*Server).processUnaryRPC(0xc0005aa000, {0x30355d8, 0xc0004ec810}, {0x303d880, 0xc00062c300}, 0xc0003fe120, 0xc0004eccc0, 0x416a678, 0x0)
	/Users/yangjing/go/pkg/mod/google.golang.org/grpc@v1.65.0/server.go:1379 +0xe23
google.golang.org/grpc.(*Server).handleStream(0xc0005aa000, {0x303d880, 0xc00062c300}, 0xc0003fe120)
	/Users/yangjing/go/pkg/mod/google.golang.org/grpc@v1.65.0/server.go:1790 +0x1016
google.golang.org/grpc.(*Server).serveStreams.func2.1()
	/Users/yangjing/go/pkg/mod/google.golang.org/grpc@v1.65.0/server.go:1029 +0x8b
created by google.golang.org/grpc.(*Server).serveStreams.func2 in goroutine 30
	/Users/yangjing/go/pkg/mod/google.golang.org/grpc@v1.65.0/server.go:1040 +0x135
	caller=serverinterceptors/recoverinterceptor.go:40
2024-08-29T21:33:00.316+08:00	[31;1m error [0;22m	runtime error: invalid memory address or nil pointer dereference

goroutine 66 [running]:
runtime/debug.Stack()
	/Users/yangjing/go/go1.21.2/src/runtime/debug/stack.go:24 +0x5e
github.com/zeromicro/go-zero/zrpc.setupInterceptors.UnaryTimeoutInterceptor.func3.1.1()
	/Users/yangjing/go/pkg/mod/github.com/zeromicro/go-zero@v1.6.6/zrpc/internal/serverinterceptors/timeoutinterceptor.go:47 +0x45
panic({0x29eb360?, 0x4153d50?})
	/Users/yangjing/go/go1.21.2/src/runtime/panic.go:914 +0x21f
bodhiadmin/app/admin/rpc/model.(*defaultUserModel).Update(0xc000251200, {0x30356d0, 0xc000308730}, 0x0)
	/Users/yangjing/Projects/younglabs/bodhidict-com/project/bodhi-service/app/admin/rpc/model/userModel_gen.go:193 +0x3a
bodhiadmin/app/admin/rpc/internal/logic/user.(*UpdateUserLogic).UpdateUser(0xc00070feb8, 0xc0000c4960)
	/Users/yangjing/Projects/younglabs/bodhidict-com/project/bodhi-service/app/admin/rpc/internal/logic/user/updateUserLogic.go:51 +0x2bd
bodhiadmin/app/admin/rpc/internal/server/user.(*UserServer).UpdateUser(0xc000580a80?, {0x30356d0?, 0xc000308730}, 0xc000580a80?)
	/Users/yangjing/Projects/younglabs/bodhidict-com/project/bodhi-service/app/admin/rpc/internal/server/user/userServer.go:32 +0xa9
bodhiadmin/app/admin/rpc/proto/admin._User_UpdateUser_Handler.func1({0x30356d0, 0xc000308730}, {0x2bf5560?, 0xc0000c4960})
	/Users/yangjing/Projects/younglabs/bodhidict-com/project/bodhi-service/app/admin/rpc/proto/admin/admin_grpc.pb.go:1612 +0x72
github.com/zeromicro/go-zero/zrpc.setupInterceptors.UnaryTimeoutInterceptor.func3.1()
	/Users/yangjing/go/pkg/mod/github.com/zeromicro/go-zero@v1.6.6/zrpc/internal/serverinterceptors/timeoutinterceptor.go:53 +0x106
created by github.com/zeromicro/go-zero/zrpc.setupInterceptors.UnaryTimeoutInterceptor.func3 in goroutine 130
	/Users/yangjing/go/pkg/mod/github.com/zeromicro/go-zero@v1.6.6/zrpc/internal/serverinterceptors/timeoutinterceptor.go:43 +0x238

goroutine 130 [running]:
runtime/debug.Stack()
	/Users/yangjing/go/go1.21.2/src/runtime/debug/stack.go:24 +0x5e
github.com/zeromicro/go-zero/zrpc/internal/serverinterceptors.toPanicError({0x28ba2a0, 0xc0004d80a0})
	/Users/yangjing/go/pkg/mod/github.com/zeromicro/go-zero@v1.6.6/zrpc/internal/serverinterceptors/recoverinterceptor.go:40 +0x25
github.com/zeromicro/go-zero/zrpc/internal/serverinterceptors.UnaryRecoverInterceptor.func1({0x28ba2a0?, 0xc0004d80a0?})
	/Users/yangjing/go/pkg/mod/github.com/zeromicro/go-zero@v1.6.6/zrpc/internal/serverinterceptors/recoverinterceptor.go:27 +0x26
github.com/zeromicro/go-zero/zrpc/internal/serverinterceptors.handleCrash(0xc0007275f0)
	/Users/yangjing/go/pkg/mod/github.com/zeromicro/go-zero@v1.6.6/zrpc/internal/serverinterceptors/recoverinterceptor.go:35 +0x34
panic({0x28ba2a0?, 0xc0004d80a0?})
	/Users/yangjing/go/go1.21.2/src/runtime/panic.go:914 +0x21f
github.com/zeromicro/go-zero/zrpc.setupInterceptors.UnaryTimeoutInterceptor.func3({0x3035698, 0xc00060cdb0}, {0x2bf5560?, 0xc0000c4960}, 0x4189701?, 0xc0004f5110)
	/Users/yangjing/go/pkg/mod/github.com/zeromicro/go-zero@v1.6.6/zrpc/internal/serverinterceptors/timeoutinterceptor.go:59 +0x4bb
google.golang.org/grpc.getChainUnaryHandler.func1({0x3035698, 0xc00060cdb0}, {0x2bf5560, 0xc0000c4960})
	/Users/yangjing/go/pkg/mod/google.golang.org/grpc@v1.65.0/server.go:1196 +0xb2
github.com/zeromicro/go-zero/zrpc.setupInterceptors.UnarySheddingInterceptor.func2({0x3035698, 0xc00060cdb0}, {0x2bf5560, 0xc0000c4960}, 0xc0000a01e0?, 0xc0007a0540)
	/Users/yangjing/go/pkg/mod/github.com/zeromicro/go-zero@v1.6.6/zrpc/internal/serverinterceptors/sheddinginterceptor.go:47 +0x172
google.golang.org/grpc.getChainUnaryHandler.func1({0x3035698, 0xc00060cdb0}, {0x2bf5560, 0xc0000c4960})
	/Users/yangjing/go/pkg/mod/google.golang.org/grpc@v1.65.0/server.go:1196 +0xb2
github.com/zeromicro/go-zero/zrpc/internal/serverinterceptors.UnaryBreakerInterceptor.func1()
	/Users/yangjing/go/pkg/mod/github.com/zeromicro/go-zero@v1.6.6/zrpc/internal/serverinterceptors/breakerinterceptor.go:32 +0x34
github.com/zeromicro/go-zero/core/breaker.(*googleBreaker).doReq(0xc0000a02a0, 0xc0007a04c0, 0x0, 0xc0007a0500)
	/Users/yangjing/go/pkg/mod/github.com/zeromicro/go-zero@v1.6.6/core/breaker/googlebreaker.go:113 +0x11b
github.com/zeromicro/go-zero/core/breaker.loggedThrottle.doReq({{0x2d44299, 0x16}, {0x301d838, 0xc0000a02a0}, 0xc0000e2310}, 0x110b304?, 0x2d44299?, 0x2e3fda8)
	/Users/yangjing/go/pkg/mod/github.com/zeromicro/go-zero@v1.6.6/core/breaker/breaker.go:236 +0xd5
github.com/zeromicro/go-zero/core/breaker.(*circuitBreaker).DoWithAcceptable(...)
	/Users/yangjing/go/pkg/mod/github.com/zeromicro/go-zero@v1.6.6/core/breaker/breaker.go:156
github.com/zeromicro/go-zero/core/breaker.(*circuitBreaker).DoWithAcceptableCtx(0xc0000a0260, {0x3035698, 0xc00060cdb0}, 0x2d44299?, 0x16?)
	/Users/yangjing/go/pkg/mod/github.com/zeromicro/go-zero@v1.6.6/core/breaker/breaker.go:165 +0x73
github.com/zeromicro/go-zero/zrpc/internal/serverinterceptors.UnaryBreakerInterceptor.DoWithAcceptableCtx.func2({0x3040330?, 0xc0000a0260?})
	/Users/yangjing/go/pkg/mod/github.com/zeromicro/go-zero@v1.6.6/core/breaker/breakers.go:38 +0x34
github.com/zeromicro/go-zero/core/breaker.do({0x2d44299?, 0xc00050e480?}, 0xc00070d2b0)
	/Users/yangjing/go/pkg/mod/github.com/zeromicro/go-zero@v1.6.6/core/breaker/breakers.go:100 +0x27
github.com/zeromicro/go-zero/core/breaker.DoWithAcceptableCtx(...)
	/Users/yangjing/go/pkg/mod/github.com/zeromicro/go-zero@v1.6.6/core/breaker/breakers.go:37
github.com/zeromicro/go-zero/zrpc/internal/serverinterceptors.UnaryBreakerInterceptor({0x3035698?, 0xc00060cdb0}, {0x2bf5560?, 0xc0000c4960}, 0xc0000a01e0, 0xc0007a0480)
	/Users/yangjing/go/pkg/mod/github.com/zeromicro/go-zero@v1.6.6/zrpc/internal/serverinterceptors/breakerinterceptor.go:30 +0x175
google.golang.org/grpc.getChainUnaryHandler.func1({0x3035698, 0xc00060cdb0}, {0x2bf5560, 0xc0000c4960})
	/Users/yangjing/go/pkg/mod/google.golang.org/grpc@v1.65.0/server.go:1196 +0xb2
github.com/zeromicro/go-zero/zrpc/internal/serverinterceptors.UnaryPrometheusInterceptor({0x3035698, 0xc00060cdb0}, {0x2bf5560, 0xc0000c4960}, 0xc0000a01e0, 0xc0007a0440)
	/Users/yangjing/go/pkg/mod/github.com/zeromicro/go-zero@v1.6.6/zrpc/internal/serverinterceptors/prometheusinterceptor.go:38 +0x98
google.golang.org/grpc.getChainUnaryHandler.func1({0x3035698, 0xc00060cdb0}, {0x2bf5560, 0xc0000c4960})
	/Users/yangjing/go/pkg/mod/google.golang.org/grpc@v1.65.0/server.go:1196 +0xb2
github.com/zeromicro/go-zero/zrpc/internal/serverinterceptors.UnaryStatInterceptor.func1({0x3035698, 0xc00060cdb0}, {0x2bf5560, 0xc0000c4960}, 0xc0000a01e0, 0xc0007a0400)
	/Users/yangjing/go/pkg/mod/github.com/zeromicro/go-zero@v1.6.6/zrpc/internal/serverinterceptors/statinterceptor.go:61 +0x1c4
google.golang.org/grpc.getChainUnaryHandler.func1({0x3035698, 0xc00060cdb0}, {0x2bf5560, 0xc0000c4960})
	/Users/yangjing/go/pkg/mod/google.golang.org/grpc@v1.65.0/server.go:1196 +0xb2
github.com/zeromicro/go-zero/zrpc/internal/serverinterceptors.UnaryRecoverInterceptor({0x3035698?, 0xc00060cdb0?}, {0x2bf5560?, 0xc0000c4960?}, 0xc0000a01e0?, 0xc0004f5110?)
	/Users/yangjing/go/pkg/mod/github.com/zeromicro/go-zero@v1.6.6/zrpc/internal/serverinterceptors/recoverinterceptor.go:30 +0x99
google.golang.org/grpc.getChainUnaryHandler.func1({0x3035698, 0xc00060cdb0}, {0x2bf5560, 0xc0000c4960})
	/Users/yangjing/go/pkg/mod/google.golang.org/grpc@v1.65.0/server.go:1196 +0xb2
github.com/zeromicro/go-zero/zrpc/internal/serverinterceptors.UnaryTracingInterceptor({0x3035698?, 0xc00060c150?}, {0x2bf5560, 0xc0000c4960}, 0xc0000a01e0?, 0xc0007a0240)
	/Users/yangjing/go/pkg/mod/github.com/zeromicro/go-zero@v1.6.6/zrpc/internal/serverinterceptors/tracinginterceptor.go:24 +0x18c
google.golang.org/grpc.NewServer.chainUnaryServerInterceptors.chainUnaryInterceptors.func1({0x3035698, 0xc00060c150}, {0x2bf5560, 0xc0000c4960}, 0xc000784998?, 0x29eb2a0?)
	/Users/yangjing/go/pkg/mod/google.golang.org/grpc@v1.65.0/server.go:1187 +0x85
bodhiadmin/app/admin/rpc/proto/admin._User_UpdateUser_Handler({0x2b51c40?, 0xc0005a9880}, {0x3035698, 0xc00060c150}, 0xc000610080, 0xc00043f3a0)
	/Users/yangjing/Projects/younglabs/bodhidict-com/project/bodhi-service/app/admin/rpc/proto/admin/admin_grpc.pb.go:1614 +0x135
google.golang.org/grpc.(*Server).processUnaryRPC(0xc000458200, {0x3035698, 0xc00060c0c0}, {0x303d940, 0xc0001e1800}, 0xc000327560, 0xc000451ec0, 0x416a678, 0x0)
	/Users/yangjing/go/pkg/mod/google.golang.org/grpc@v1.65.0/server.go:1379 +0xe23
google.golang.org/grpc.(*Server).handleStream(0xc000458200, {0x303d940, 0xc0001e1800}, 0xc000327560)
	/Users/yangjing/go/pkg/mod/google.golang.org/grpc@v1.65.0/server.go:1790 +0x1016
google.golang.org/grpc.(*Server).serveStreams.func2.1()
	/Users/yangjing/go/pkg/mod/google.golang.org/grpc@v1.65.0/server.go:1029 +0x8b
created by google.golang.org/grpc.(*Server).serveStreams.func2 in goroutine 104
	/Users/yangjing/go/pkg/mod/google.golang.org/grpc@v1.65.0/server.go:1040 +0x135
	caller=serverinterceptors/recoverinterceptor.go:40
